[debug] [2022-05-03T02:41:42.582Z] ----------------------------------------------------------------------
[debug] [2022-05-03T02:41:42.584Z] Command:       C:\Program Files\nodejs\node.exe C:\Users\gulam\AppData\Roaming\npm\node_modules\firebase-tools\lib\bin\firebase.js deploy
[debug] [2022-05-03T02:41:42.585Z] CLI Version:   10.6.0
[debug] [2022-05-03T02:41:42.585Z] Platform:      win32
[debug] [2022-05-03T02:41:42.585Z] Node Version:  v16.13.1
[debug] [2022-05-03T02:41:42.588Z] Time:          Tue May 03 2022 08:41:42 GMT+0600 (Bangladesh Standard Time)
[debug] [2022-05-03T02:41:42.588Z] ----------------------------------------------------------------------
[debug] 
[debug] [2022-05-03T02:41:42.666Z] > command requires scopes: ["email","openid","https://www.googleapis.com/auth/cloudplatformprojects.readonly","https://www.googleapis.com/auth/firebase","https://www.googleapis.com/auth/cloud-platform"]
[debug] [2022-05-03T02:41:42.667Z] > authorizing via signed-in user (gulam.asib@gmail.com)
[debug] [2022-05-03T02:41:42.667Z] [iam] checking project master-computer-cff25 for permissions ["firebase.projects.get","firebasehosting.sites.update"]
[debug] [2022-05-03T02:41:42.669Z] >>> [apiv2][query] POST https://cloudresourcemanager.googleapis.com/v1/projects/master-computer-cff25:testIamPermissions [none]
[debug] [2022-05-03T02:41:42.669Z] >>> [apiv2][body] POST https://cloudresourcemanager.googleapis.com/v1/projects/master-computer-cff25:testIamPermissions {"permissions":["firebase.projects.get","firebasehosting.sites.update"]}
[debug] [2022-05-03T02:41:43.979Z] <<< [apiv2][status] POST https://cloudresourcemanager.googleapis.com/v1/projects/master-computer-cff25:testIamPermissions 401
[debug] [2022-05-03T02:41:43.979Z] <<< [apiv2][body] POST https://cloudresourcemanager.googleapis.com/v1/projects/master-computer-cff25:testIamPermissions {"error":{"code":401,"message":"Request had invalid authentication credentials. Expected OAuth 2 access token, login cookie or other valid authentication credential. See https://developers.google.com/identity/sign-in/web/devconsole-project.","status":"UNAUTHENTICATED","details":[{"@type":"type.googleapis.com/google.rpc.ErrorInfo","reason":"ACCESS_TOKEN_TYPE_UNSUPPORTED","metadata":{"method":"google.cloudresourcemanager.v1.Projects.TestIamPermissions","service":"cloudresourcemanager.googleapis.com"}}]}}
[debug] [2022-05-03T02:41:43.980Z] [iam] error while checking permissions, command may fail: FirebaseError: HTTP Error: 401, Request had invalid authentication credentials. Expected OAuth 2 access token, login cookie or other valid authentication credential. See https://developers.google.com/identity/sign-in/web/devconsole-project.
[debug] [2022-05-03T02:41:43.982Z] >>> [apiv2][query] GET https://firebase.googleapis.com/v1beta1/projects/master-computer-cff25 [none]
[debug] [2022-05-03T02:41:44.364Z] <<< [apiv2][status] GET https://firebase.googleapis.com/v1beta1/projects/master-computer-cff25 401
[debug] [2022-05-03T02:41:44.365Z] <<< [apiv2][body] GET https://firebase.googleapis.com/v1beta1/projects/master-computer-cff25 {"error":{"code":401,"message":"Request had invalid authentication credentials. Expected OAuth 2 access token, login cookie or other valid authentication credential. See https://developers.google.com/identity/sign-in/web/devconsole-project.","status":"UNAUTHENTICATED"}}
[debug] [2022-05-03T02:41:44.365Z] HTTP Error: 401, Request had invalid authentication credentials. Expected OAuth 2 access token, login cookie or other valid authentication credential. See https://developers.google.com/identity/sign-in/web/devconsole-project.
[debug] [2022-05-03T02:41:44.639Z] FirebaseError: HTTP Error: 401, Request had invalid authentication credentials. Expected OAuth 2 access token, login cookie or other valid authentication credential. See https://developers.google.com/identity/sign-in/web/devconsole-project.
    at module.exports (C:\Users\gulam\AppData\Roaming\npm\node_modules\firebase-tools\lib\responseToError.js:47:12)
    at RetryOperation._fn (C:\Users\gulam\AppData\Roaming\npm\node_modules\firebase-tools\lib\apiv2.js:286:39)
    at processTicksAndRejections (node:internal/process/task_queues:96:5)
[error] 
[error] Error: Failed to get Firebase project master-computer-cff25. Please make sure the project exists and your account has permission to access it.
